# JRE version: OpenJDK Runtime Environment (8.0_76-b01) (build 1.8.0_76-release-b01)
# Java VM: OpenJDK 64-Bit Server VM (25.76-b01 mixed mode windows-amd64 compressed oops)
Heap:
 PSYoungGen      total 72704K, used 21509K [0x00000000eab00000, 0x00000000f3900000, 0x0000000100000000)
  eden space 65536K, 21% used [0x00000000eab00000,0x00000000eb903b08,0x00000000eeb00000)
  from space 7168K, 99% used [0x00000000f3200000,0x00000000f38fdcc8,0x00000000f3900000)
  to   space 2560K, 0% used [0x00000000eeb00000,0x00000000eeb00000,0x00000000eed80000)
 ParOldGen       total 44032K, used 31215K [0x00000000c0000000, 0x00000000c2b00000, 0x00000000eab00000)
  object space 44032K, 70% used [0x00000000c0000000,0x00000000c1e7bd70,0x00000000c2b00000)
 Metaspace       used 4595K, capacity 5430K, committed 5632K, reserved 1056768K
  class space    used 472K, capacity 489K, committed 512K, reserved 1048576K
GC Heap History (10 events):
Event: 0.419 GC heap before
{Heap before GC invocations=2 (full 0):
 PSYoungGen      total 18944K, used 18781K [0x00000000eab00000, 0x00000000ed000000, 0x0000000100000000)
  eden space 16384K, 99% used [0x00000000eab00000,0x00000000ebade948,0x00000000ebb00000)
  from space 2560K, 98% used [0x00000000ebb00000,0x00000000ebd78c18,0x00000000ebd80000)
  to   space 2560K, 0% used [0x00000000ecd80000,0x00000000ecd80000,0x00000000ed000000)
 ParOldGen       total 44032K, used 2906K [0x00000000c0000000, 0x00000000c2b00000, 0x00000000eab00000)
  object space 44032K, 6% used [0x00000000c0000000,0x00000000c02d68b8,0x00000000c2b00000)
 Metaspace       used 4436K, capacity 5424K, committed 5632K, reserved 1056768K
  class space    used 463K, capacity 488K, committed 512K, reserved 1048576K
Event: 0.421 GC heap after
Heap after GC invocations=2 (full 0):
 PSYoungGen      total 35328K, used 2554K [0x00000000eab00000, 0x00000000ed000000, 0x0000000100000000)
  eden space 32768K, 0% used [0x00000000eab00000,0x00000000eab00000,0x00000000ecb00000)
  from space 2560K, 99% used [0x00000000ecd80000,0x00000000ecffe910,0x00000000ed000000)
  to   space 2560K, 0% used [0x00000000ecb00000,0x00000000ecb00000,0x00000000ecd80000)
 ParOldGen       total 44032K, used 2962K [0x00000000c0000000, 0x00000000c2b00000, 0x00000000eab00000)
  object space 44032K, 6% used [0x00000000c0000000,0x00000000c02e48b8,0x00000000c2b00000)
 Metaspace       used 4436K, capacity 5424K, committed 5632K, reserved 1056768K
  class space    used 463K, capacity 488K, committed 512K, reserved 1048576K
}
Event: 0.587 GC heap before
{Heap before GC invocations=3 (full 0):
 PSYoungGen      total 35328K, used 34533K [0x00000000eab00000, 0x00000000ed000000, 0x0000000100000000)
  eden space 32768K, 97% used [0x00000000eab00000,0x00000000eca3ac10,0x00000000ecb00000)
  from space 2560K, 99% used [0x00000000ecd80000,0x00000000ecffe910,0x00000000ed000000)
  to   space 2560K, 0% used [0x00000000ecb00000,0x00000000ecb00000,0x00000000ecd80000)
 ParOldGen       total 44032K, used 2962K [0x00000000c0000000, 0x00000000c2b00000, 0x00000000eab00000)
  object space 44032K, 6% used [0x00000000c0000000,0x00000000c02e48b8,0x00000000c2b00000)
 Metaspace       used 4542K, capacity 5430K, committed 5632K, reserved 1056768K
  class space    used 472K, capacity 489K, committed 512K, reserved 1048576K
Event: 0.590 GC heap after
Heap after GC invocations=3 (full 0):
 PSYoungGen      total 35328K, used 2548K [0x00000000eab00000, 0x00000000ef000000, 0x0000000100000000)
  eden space 32768K, 0% used [0x00000000eab00000,0x00000000eab00000,0x00000000ecb00000)
  from space 2560K, 99% used [0x00000000ecb00000,0x00000000ecd7d068,0x00000000ecd80000)
  to   space 2560K, 0% used [0x00000000eed80000,0x00000000eed80000,0x00000000ef000000)
 ParOldGen       total 44032K, used 5825K [0x00000000c0000000, 0x00000000c2b00000, 0x00000000eab00000)
  object space 44032K, 13% used [0x00000000c0000000,0x00000000c05b0468,0x00000000c2b00000)
 Metaspace       used 4542K, capacity 5430K, committed 5632K, reserved 1056768K
  class space    used 472K, capacity 489K, committed 512K, reserved 1048576K
}
Event: 0.712 GC heap before
{Heap before GC invocations=4 (full 0):
 PSYoungGen      total 35328K, used 35316K [0x00000000eab00000, 0x00000000ef000000, 0x0000000100000000)
  eden space 32768K, 100% used [0x00000000eab00000,0x00000000ecb00000,0x00000000ecb00000)
  from space 2560K, 99% used [0x00000000ecb00000,0x00000000ecd7d068,0x00000000ecd80000)
  to   space 2560K, 0% used [0x00000000eed80000,0x00000000eed80000,0x00000000ef000000)
 ParOldGen       total 44032K, used 5825K [0x00000000c0000000, 0x00000000c2b00000, 0x00000000eab00000)
  object space 44032K, 13% used [0x00000000c0000000,0x00000000c05b0468,0x00000000c2b00000)
 Metaspace       used 4559K, capacity 5430K, committed 5632K, reserved 1056768K
  class space    used 472K, capacity 489K, committed 512K, reserved 1048576K
Event: 0.717 GC heap after
Heap after GC invocations=4 (full 0):
 PSYoungGen      total 68096K, used 2200K [0x00000000eab00000, 0x00000000ef000000, 0x0000000100000000)
  eden space 65536K, 0% used [0x00000000eab00000,0x00000000eab00000,0x00000000eeb00000)
  from space 2560K, 85% used [0x00000000eed80000,0x00000000eefa6180,0x00000000ef000000)
  to   space 2560K, 0% used [0x00000000eeb00000,0x00000000eeb00000,0x00000000eed80000)
 ParOldGen       total 44032K, used 12249K [0x00000000c0000000, 0x00000000c2b00000, 0x00000000eab00000)
  object space 44032K, 27% used [0x00000000c0000000,0x00000000c0bf6610,0x00000000c2b00000)
 Metaspace       used 4559K, capacity 5430K, committed 5632K, reserved 1056768K
  class space    used 472K, capacity 489K, committed 512K, reserved 1048576K
}
Event: 0.925 GC heap before
{Heap before GC invocations=5 (full 0):
 PSYoungGen      total 68096K, used 67736K [0x00000000eab00000, 0x00000000ef000000, 0x0000000100000000)
  eden space 65536K, 100% used [0x00000000eab00000,0x00000000eeb00000,0x00000000eeb00000)
  from space 2560K, 85% used [0x00000000eed80000,0x00000000eefa6180,0x00000000ef000000)
  to   space 2560K, 0% used [0x00000000eeb00000,0x00000000eeb00000,0x00000000eed80000)
 ParOldGen       total 44032K, used 12249K [0x00000000c0000000, 0x00000000c2b00000, 0x00000000eab00000)
  object space 44032K, 27% used [0x00000000c0000000,0x00000000c0bf6610,0x00000000c2b00000)
 Metaspace       used 4584K, capacity 5430K, committed 5632K, reserved 1056768K
  class space    used 472K, capacity 489K, committed 512K, reserved 1048576K
Event: 0.934 GC heap after
Heap after GC invocations=5 (full 0):
 PSYoungGen      total 68096K, used 2000K [0x00000000eab00000, 0x00000000f3900000, 0x0000000100000000)
  eden space 65536K, 0% used [0x00000000eab00000,0x00000000eab00000,0x00000000eeb00000)
  from space 2560K, 78% used [0x00000000eeb00000,0x00000000eecf40a0,0x00000000eed80000)
  to   space 7168K, 0% used [0x00000000f3200000,0x00000000f3200000,0x00000000f3900000)
 ParOldGen       total 44032K, used 26427K [0x00000000c0000000, 0x00000000c2b00000, 0x00000000eab00000)
  object space 44032K, 60% used [0x00000000c0000000,0x00000000c19ced58,0x00000000c2b00000)
 Metaspace       used 4584K, capacity 5430K, committed 5632K, reserved 1056768K
  class space    used 472K, capacity 489K, committed 512K, reserved 1048576K
}
Event: 1.131 GC heap before
{Heap before GC invocations=6 (full 0):
 PSYoungGen      total 68096K, used 67536K [0x00000000eab00000, 0x00000000f3900000, 0x0000000100000000)
  eden space 65536K, 100% used [0x00000000eab00000,0x00000000eeb00000,0x00000000eeb00000)
  from space 2560K, 78% used [0x00000000eeb00000,0x00000000eecf40a0,0x00000000eed80000)
  to   space 7168K, 0% used [0x00000000f3200000,0x00000000f3200000,0x00000000f3900000)
 ParOldGen       total 44032K, used 26427K [0x00000000c0000000, 0x00000000c2b00000, 0x00000000eab00000)
  object space 44032K, 60% used [0x00000000c0000000,0x00000000c19ced58,0x00000000c2b00000)
 Metaspace       used 4595K, capacity 5430K, committed 5632K, reserved 1056768K
  class space    used 472K, capacity 489K, committed 512K, reserved 1048576K
Event: 1.137 GC heap after
Heap after GC invocations=6 (full 0):
 PSYoungGen      total 72704K, used 7159K [0x00000000eab00000, 0x00000000f3900000, 0x0000000100000000)
  eden space 65536K, 0% used [0x00000000eab00000,0x00000000eab00000,0x00000000eeb00000)
  from space 7168K, 99% used [0x00000000f3200000,0x00000000f38fdcc8,0x00000000f3900000)
  to   space 2560K, 0% used [0x00000000eeb00000,0x00000000eeb00000,0x00000000eed80000)
 ParOldGen       total 44032K, used 31215K [0x00000000c0000000, 0x00000000c2b00000, 0x00000000eab00000)
  object space 44032K, 70% used [0x00000000c0000000,0x00000000c1e7bd70,0x00000000c2b00000)
 Metaspace       used 4595K, capacity 5430K, committed 5632K, reserved 1056768K
  class space    used 472K, capacity 489K, committed 512K, reserved 1048576K
}

